
> verihub@0.1.0 build:mobile:win
> node scripts/build-mobile.js && npx cap copy android

Moving api folder temporarily: C:\Users\dariu\Documents\AntiG Agents\Verihub\src\app\api -> C:\Users\dariu\Documents\AntiG Agents\Verihub\api_temp_mobile_excluded
▲ Next.js 16.1.6 (webpack)
- Environments: .env

⚠ The "middleware" file convention is deprecated. Please use "proxy" instead. Learn more: https://nextjs.org/docs/messages/middleware-to-proxy
  Creating an optimized production build ...
✓ Compiled successfully in 5.0s
  Running TypeScript ...
  Collecting page data using 15 workers ...
  Generating static pages using 15 workers (0/61) ...
Error occurred prerendering page "/history". Read more: https://nextjs.org/docs/messages/prerender-error
Error: Not available in mobile build
    at f (C:\Users\dariu\Documents\AntiG Agents\Verihub\.next\server\app\history\page.js:1:484)
    at g (C:\Users\dariu\Documents\AntiG Agents\Verihub\.next\server\app\history\page.js:7:5836)
    at stringify (<anonymous>) {
  digest: '3651958565'
}
Export encountered an error on /history/page: /history, exiting the build.
⨯ Next.js build worker exited with code: 1 and signal: null
Build failed: Command failed: cross-env NEXT_MOBILE_BUILD=true next build --webpack
Restoring api folder...
Api folder restored.
Restoring tsconfig.json...
Restoring actions.ts...
Restoring reportActions.ts...
Mobile build failed. api folder has been restored. Fix errors and retry.
