
> verihub@0.1.0 build:mobile:win
> node scripts/build-mobile.js && npx cap copy android

Moving api folder temporarily: C:\Users\dariu\Documents\AntiG Agents\Verihub\src\app\api -> C:\Users\dariu\Documents\AntiG Agents\Verihub\api_temp_mobile_excluded
▲ Next.js 16.1.6 (Turbopack)
- Environments: .env

⚠ The "middleware" file convention is deprecated. Please use "proxy" instead. Learn more: https://nextjs.org/docs/messages/middleware-to-proxy
  Creating an optimized production build ...
✓ Compiled successfully in 4.0s
  Running TypeScript ...
Failed to compile.

./src/app/create/page.tsx:32:45
Type error: Type 'void' is not assignable to type 'string'.

[0m [90m 30 |[39m                 [33m<[39m[33m/[39m[33mdiv[39m[33m>[39m
 [90m 31 |[39m
[31m[1m>[22m[39m[90m 32 |[39m                 [33m<[39m[33mReceiptForm[39m initialData[33m=[39m{{ receiptNumber[33m:[39m nextReceiptNumber[33m,[39m date[33m:[39m [36mnew[39m [33mDate[39m()[33m,[39m taxType[33m:[39m [32m'none'[39m[33m,[39m items[33m:[39m [] }} user[33m=[39m{authUser [33m||[39m undefined} [33m/[39m[33m>[39m
 [90m    |[39m                                             [31m[1m^[22m[39m
 [90m 33 |[39m             [33m<[39m[33m/[39m[33mdiv[39m[33m>[39m
 [90m 34 |[39m         [33m<[39m[33m/[39m[33mdiv[39m[33m>[39m
 [90m 35 |[39m     )[33m;[39m[0m
Next.js build worker exited with code: 1 and signal: null
Build failed: Command failed: cross-env NEXT_MOBILE_BUILD=true next build
Restoring api folder...
Api folder restored.
Restoring tsconfig.json...
Restoring actions.ts...
Restoring reportActions.ts...
Mobile build failed. api folder has been restored. Fix errors and retry.
