
> verihub@0.1.0 build:mobile:win
> node scripts/build-mobile.js && npx cap copy android

Moving api folder temporarily: C:\Users\dariu\Documents\AntiG Agents\Verihub\src\app\api -> C:\Users\dariu\Documents\AntiG Agents\Verihub\api_temp_mobile_excluded
▲ Next.js 16.1.6 (Turbopack)
- Environments: .env

⚠ The "middleware" file convention is deprecated. Please use "proxy" instead. Learn more: https://nextjs.org/docs/messages/middleware-to-proxy
  Creating an optimized production build ...
✓ Compiled successfully in 4.2s
  Running TypeScript ...
  Collecting page data using 15 workers ...
  Generating static pages using 15 workers (0/51) ...
Error occurred prerendering page "/invoice/fallback/bundle". Read more: https://nextjs.org/docs/messages/prerender-error
Error: Route /invoice/[token]/bundle with `dynamic = "error"` couldn't be rendered statically because it used `cookies()`. See more info here: https://nextjs.org/docs/app/building-your-application/rendering/static-and-dynamic#dynamic-rendering
Export encountered an error on /invoice/[token]/bundle/page: /invoice/fallback/bundle, exiting the build.
⨯ Next.js build worker exited with code: 1 and signal: null
Build failed: Command failed: cross-env NEXT_MOBILE_BUILD=true next build
Restoring api folder...
Api folder restored.
Restoring tsconfig.json...
Restoring actions.ts...
Restoring reportActions.ts...
Mobile build failed. api folder has been restored. Fix errors and retry.
